Using pre-set license
Built from '2020.3/staging' branch; Version is '2020.3.30f1 (1fb1bf06830e) revision 2077119'; Using compiler version '192528614'; Build Type 'Release'
OS: 'Windows 11  (10.0.22000) 64bit CoreSingleLanguage' Language: 'es' Physical Memory: 16215 MB
BatchMode: 1, IsHumanControllingUs: 0, StartBugReporterOnCrash: 0, Is64bit: 1, IsPro: 0

COMMAND LINE ARGUMENTS:
D:\Archivos de programa\unityD\Unity Hub\Editor\2020.3.30f1\Editor\Unity.exe
-adb2
-batchMode
-noUpm
-name
AssetImportWorker0
-projectPath
D:/Escritorio/ClasesSegundo
-logFile
Logs/AssetImportWorker0.log
-srvPort
50120
Successfully changed project path to: D:/Escritorio/ClasesSegundo
D:/Escritorio/ClasesSegundo
Using Asset Import Pipeline V2.
Refreshing native plugins compatible for Editor in 54.80 ms, found 2 plugins.
Preloading 0 native plugins for Editor in 0.00 ms.
Initialize engine version: 2020.3.30f1 (1fb1bf06830e)
[Subsystems] Discovering subsystems at path D:/Archivos de programa/unityD/Unity Hub/Editor/2020.3.30f1/Editor/Data/Resources/UnitySubsystems
[Subsystems] Discovering subsystems at path D:/Escritorio/ClasesSegundo/Assets
GfxDevice: creating device client; threaded=0
Direct3D:
    Version:  Direct3D 11.0 [level 11.1]
    Renderer: NVIDIA GeForce GTX 1650 (ID=0x1f99)
    Vendor:   
    VRAM:     3962 MB
    Driver:   27.21.14.5167
Initialize mono
Mono path[0] = 'D:/Archivos de programa/unityD/Unity Hub/Editor/2020.3.30f1/Editor/Data/Managed'
Mono path[1] = 'D:/Archivos de programa/unityD/Unity Hub/Editor/2020.3.30f1/Editor/Data/MonoBleedingEdge/lib/mono/unityjit'
Mono config path = 'D:/Archivos de programa/unityD/Unity Hub/Editor/2020.3.30f1/Editor/Data/MonoBleedingEdge/etc'
Using monoOptions --debugger-agent=transport=dt_socket,embedding=1,server=y,suspend=n,address=127.0.0.1:56492
Begin MonoManager ReloadAssembly
Registering precompiled unity dll's ...
Register platform support module: D:/Archivos de programa/unityD/Unity Hub/Editor/2020.3.30f1/Editor/Data/PlaybackEngines/WebGLSupport/UnityEditor.WebGL.Extensions.dll
Register platform support module: D:/Archivos de programa/unityD/Unity Hub/Editor/2020.3.30f1/Editor/Data/PlaybackEngines/WindowsStandaloneSupport/UnityEditor.WindowsStandalone.Extensions.dll
Registered in 0.001345 seconds.
Native extension for WindowsStandalone target not found
Native extension for WebGL target not found
Refreshing native plugins compatible for Editor in 57.07 ms, found 2 plugins.
Preloading 0 native plugins for Editor in 0.00 ms.
Mono: successfully reloaded assembly
- Completed reload, in  0.657 seconds
Domain Reload Profiling:
	ReloadAssembly (658ms)
		BeginReloadAssembly (77ms)
			ExecutionOrderSort (0ms)
			DisableScriptedObjects (0ms)
			BackupInstance (0ms)
			ReleaseScriptingObjects (0ms)
			CreateAndSetChildDomain (1ms)
		EndReloadAssembly (510ms)
			LoadAssemblies (77ms)
			RebuildTransferFunctionScriptingTraits (0ms)
			SetupTypeCache (165ms)
			ReleaseScriptCaches (0ms)
			RebuildScriptCaches (37ms)
			SetupLoadedEditorAssemblies (198ms)
				LogAssemblyErrors (0ms)
				InitializePlatformSupportModulesInManaged (6ms)
				SetLoadedEditorAssemblies (0ms)
				RefreshPlugins (57ms)
				BeforeProcessingInitializeOnLoad (11ms)
				ProcessInitializeOnLoadAttributes (93ms)
				ProcessInitializeOnLoadMethodAttributes (31ms)
				AfterProcessingInitializeOnLoad (0ms)
				EditorAssembliesLoaded (0ms)
			ExecutionOrderSort2 (0ms)
			AwakeInstancesAfterBackupRestoration (0ms)
Platform modules already initialized, skipping
Registering precompiled user dll's ...
Registered in 0.003116 seconds.
Begin MonoManager ReloadAssembly
Native extension for WindowsStandalone target not found
Native extension for WebGL target not found
Refreshing native plugins compatible for Editor in 60.02 ms, found 2 plugins.
Preloading 0 native plugins for Editor in 0.00 ms.
Mono: successfully reloaded assembly
- Completed reload, in  1.219 seconds
Domain Reload Profiling:
	ReloadAssembly (1220ms)
		BeginReloadAssembly (174ms)
			ExecutionOrderSort (0ms)
			DisableScriptedObjects (5ms)
			BackupInstance (0ms)
			ReleaseScriptingObjects (0ms)
			CreateAndSetChildDomain (20ms)
		EndReloadAssembly (987ms)
			LoadAssemblies (119ms)
			RebuildTransferFunctionScriptingTraits (0ms)
			SetupTypeCache (339ms)
			ReleaseScriptCaches (1ms)
			RebuildScriptCaches (53ms)
			SetupLoadedEditorAssemblies (365ms)
				LogAssemblyErrors (0ms)
				InitializePlatformSupportModulesInManaged (4ms)
				SetLoadedEditorAssemblies (0ms)
				RefreshPlugins (60ms)
				BeforeProcessingInitializeOnLoad (76ms)
				ProcessInitializeOnLoadAttributes (212ms)
				ProcessInitializeOnLoadMethodAttributes (10ms)
				AfterProcessingInitializeOnLoad (2ms)
				EditorAssembliesLoaded (0ms)
			ExecutionOrderSort2 (0ms)
			AwakeInstancesAfterBackupRestoration (7ms)
Platform modules already initialized, skipping
========================================================================
Worker process is ready to serve import requests
Launched and connected shader compiler UnityShaderCompiler.exe after 0.07 seconds
Refreshing native plugins compatible for Editor in 0.52 ms, found 2 plugins.
Preloading 0 native plugins for Editor in 0.00 ms.
Unloading 2810 Unused Serialized files (Serialized files now loaded: 0)
System memory in use before: 126.5 MB.
System memory in use after: 126.7 MB.

Unloading 17 unused Assets to reduce memory usage. Loaded Objects now: 3245.
Total: 3.573700 ms (FindLiveObjects: 0.238800 ms CreateObjectMapping: 0.151200 ms MarkObjects: 3.115200 ms  DeleteObjects: 0.067600 ms)

AssetImportParameters requested are different than current active one (requested -> active):
  custom:framework-win-MediaFoundation: 216162199b28c13a410421893ffa2e32 -> 
  custom:video-decoder-ogg-theora: a1e56fd34408186e4bbccfd4996cb3dc -> 
  custom:container-muxer-webm: aa71ff27fc2769a1b78a27578f13a17b -> 
  custom:container-demuxer-webm: 4f35f7cbe854078d1ac9338744f61a02 -> 
  custom:container-demuxer-ogg: 62fdf1f143b41e24485cea50d1cbac27 -> 
  custom:video-encoder-webm-vp8: eb34c28f22e8b96e1ab97ce403110664 -> 
  custom:video-decoder-webm-vp8: 9c59270c3fd7afecdb556c50c9e8de78 -> 
  custom:audio-decoder-ogg-vorbis: bf7c407c2cedff20999df2af8eb42d56 -> 
  custom:audio-encoder-webm-vorbis: bf7c407c2cedff20999df2af8eb42d56 -> 
========================================================================
Received Import Request.
  path: Assets/Animations/spider@fire.fbx
  artifactKey: Guid(37b6077683dbf2a4f97cdf62a0af3a24) Importer(815301076,1909f56bfc062723c751e8b465ee728b)
Start importing Assets/Animations/spider@fire.fbx using Guid(37b6077683dbf2a4f97cdf62a0af3a24) Importer(815301076,1909f56bfc062723c751e8b465ee728b)  -> (artifact id: '14670213d4bff572cff29758270a225b') in 0.080464 seconds 
========================================================================
Received Import Request.
  Time since last request: 14.917568 seconds.
  path: Assets/Animations/spider@fire.fbx
  artifactKey: Guid(37b6077683dbf2a4f97cdf62a0af3a24) Importer(815301076,1909f56bfc062723c751e8b465ee728b)
Start importing Assets/Animations/spider@fire.fbx using Guid(37b6077683dbf2a4f97cdf62a0af3a24) Importer(815301076,1909f56bfc062723c751e8b465ee728b)  -> (artifact id: '4f25e9043364b1cd5d12216a0fd51a09') in 0.016372 seconds 
========================================================================
Received Import Request.
  Time since last request: 10.223791 seconds.
  path: Assets/Animations/spider@idle.fbx
  artifactKey: Guid(bc991fe4438e72a4d84eaa49b440aff1) Importer(815301076,1909f56bfc062723c751e8b465ee728b)
Start importing Assets/Animations/spider@idle.fbx using Guid(bc991fe4438e72a4d84eaa49b440aff1) Importer(815301076,1909f56bfc062723c751e8b465ee728b)  -> (artifact id: 'cd77727e94f409782a095880f09ae19a') in 0.018016 seconds 
========================================================================
Received Import Request.
  Time since last request: 11.566460 seconds.
  path: Assets/Animations/spider@walk.fbx
  artifactKey: Guid(c50c8326cefb2b34ba03bf1f553520c7) Importer(815301076,1909f56bfc062723c751e8b465ee728b)
Start importing Assets/Animations/spider@walk.fbx using Guid(c50c8326cefb2b34ba03bf1f553520c7) Importer(815301076,1909f56bfc062723c751e8b465ee728b)  -> (artifact id: '29e18cae29177cf7aaa12f8ee7997bda') in 0.018233 seconds 
========================================================================
Received Import Request.
  Time since last request: 126.921267 seconds.
  path: Assets/Animations/spider@fire.fbx
  artifactKey: Guid(37b6077683dbf2a4f97cdf62a0af3a24) Importer(815301076,1909f56bfc062723c751e8b465ee728b)
Start importing Assets/Animations/spider@fire.fbx using Guid(37b6077683dbf2a4f97cdf62a0af3a24) Importer(815301076,1909f56bfc062723c751e8b465ee728b)  -> (artifact id: 'cbc12fe69af1d697ff9aa6f7762a44ab') in 0.023414 seconds 
========================================================================
Received Import Request.
  Time since last request: 0.000508 seconds.
  path: Assets/Animations/spider@idle.fbx
  artifactKey: Guid(bc991fe4438e72a4d84eaa49b440aff1) Importer(815301076,1909f56bfc062723c751e8b465ee728b)
Start importing Assets/Animations/spider@idle.fbx using Guid(bc991fe4438e72a4d84eaa49b440aff1) Importer(815301076,1909f56bfc062723c751e8b465ee728b)  -> (artifact id: 'fd26cc9c30e3aa3ae2306f6909e49b2b') in 0.033589 seconds 
========================================================================
Received Import Request.
  Time since last request: 0.000413 seconds.
  path: Assets/Animations/spider@walk.fbx
  artifactKey: Guid(c50c8326cefb2b34ba03bf1f553520c7) Importer(815301076,1909f56bfc062723c751e8b465ee728b)
Start importing Assets/Animations/spider@walk.fbx using Guid(c50c8326cefb2b34ba03bf1f553520c7) Importer(815301076,1909f56bfc062723c751e8b465ee728b)  -> (artifact id: '85dc43b2ef17f4bb27a0d2a8cdadfcad') in 0.020560 seconds 
========================================================================
Received Import Request.
  Time since last request: 72.728974 seconds.
  path: Assets/Materials/Skybox_Mat.mat
  artifactKey: Guid(0ffaa0b7117ba8c47a9d05ae701d4b4d) Importer(815301076,1909f56bfc062723c751e8b465ee728b)
Start importing Assets/Materials/Skybox_Mat.mat using Guid(0ffaa0b7117ba8c47a9d05ae701d4b4d) Importer(815301076,1909f56bfc062723c751e8b465ee728b)  -> (artifact id: '4d54ab3375f41efad00566dcae11def2') in 0.389190 seconds 
========================================================================
Received Import Request.
  Time since last request: 0.850429 seconds.
  path: Assets/Models3d/SPIDER.fbx
  artifactKey: Guid(6521ea13675c146409f59cc714955498) Importer(815301076,1909f56bfc062723c751e8b465ee728b)
Start importing Assets/Models3d/SPIDER.fbx using Guid(6521ea13675c146409f59cc714955498) Importer(815301076,1909f56bfc062723c751e8b465ee728b)  -> (artifact id: 'b0f48d879fb45d12cf5cfcedf9cf1cca') in 0.067724 seconds 
========================================================================
Received Import Request.
  Time since last request: 35.860664 seconds.
  path: Assets/Models3d/SPIDER.fbx
  artifactKey: Guid(6521ea13675c146409f59cc714955498) Importer(815301076,1909f56bfc062723c751e8b465ee728b)
Start importing Assets/Models3d/SPIDER.fbx using Guid(6521ea13675c146409f59cc714955498) Importer(815301076,1909f56bfc062723c751e8b465ee728b)  -> (artifact id: '79d3bcb81793998c1c99057b390ad87d') in 0.018664 seconds 
========================================================================
Received Import Request.
  Time since last request: 527.420415 seconds.
  path: Assets/Animations/spider@fire.fbx
  artifactKey: Guid(37b6077683dbf2a4f97cdf62a0af3a24) Importer(815301076,1909f56bfc062723c751e8b465ee728b)
Start importing Assets/Animations/spider@fire.fbx using Guid(37b6077683dbf2a4f97cdf62a0af3a24) Importer(815301076,1909f56bfc062723c751e8b465ee728b)  -> (artifact id: '5be22de3347b8494c27b18798943a96e') in 0.011014 seconds 
========================================================================
Received Import Request.
  Time since last request: 0.000505 seconds.
  path: Assets/Animations/spider@idle.fbx
  artifactKey: Guid(bc991fe4438e72a4d84eaa49b440aff1) Importer(815301076,1909f56bfc062723c751e8b465ee728b)
Start importing Assets/Animations/spider@idle.fbx using Guid(bc991fe4438e72a4d84eaa49b440aff1) Importer(815301076,1909f56bfc062723c751e8b465ee728b)  -> (artifact id: '8f439040ff6d9f6d90a51e879cf80b35') in 0.018142 seconds 
========================================================================
Received Import Request.
  Time since last request: 0.000320 seconds.
  path: Assets/Animations/spider@walk.fbx
  artifactKey: Guid(c50c8326cefb2b34ba03bf1f553520c7) Importer(815301076,1909f56bfc062723c751e8b465ee728b)
Start importing Assets/Animations/spider@walk.fbx using Guid(c50c8326cefb2b34ba03bf1f553520c7) Importer(815301076,1909f56bfc062723c751e8b465ee728b)  -> (artifact id: 'deb2f91f080146df992752e7e85c3b26') in 0.011569 seconds 
========================================================================
Received Import Request.
  Time since last request: 267.934900 seconds.
  path: Assets/Models3d/SPIDER.fbx
  artifactKey: Guid(6521ea13675c146409f59cc714955498) Importer(815301076,1909f56bfc062723c751e8b465ee728b)
Start importing Assets/Models3d/SPIDER.fbx using Guid(6521ea13675c146409f59cc714955498) Importer(815301076,1909f56bfc062723c751e8b465ee728b)  -> (artifact id: '42c9c52075e73bcfd888fcdc03cf8658') in 0.055287 seconds 
========================================================================
Received Import Request.
  Time since last request: 3111.559093 seconds.
  path: Assets/Animations/spiderspider@fire.fbx
  artifactKey: Guid(c46242a8f728a904ea90cc266938577c) Importer(815301076,1909f56bfc062723c751e8b465ee728b)
Start importing Assets/Animations/spiderspider@fire.fbx using Guid(c46242a8f728a904ea90cc266938577c) Importer(815301076,1909f56bfc062723c751e8b465ee728b)  -> (artifact id: '6ca352100fbf218a58345e4fb257f007') in 0.031588 seconds 
========================================================================
Received Import Request.
  Time since last request: 0.000329 seconds.
  path: Assets/Animations/spiderspider@walk.fbx
  artifactKey: Guid(170f569d4fd3f984dab0abeeb2ebee98) Importer(815301076,1909f56bfc062723c751e8b465ee728b)
Start importing Assets/Animations/spiderspider@walk.fbx using Guid(170f569d4fd3f984dab0abeeb2ebee98) Importer(815301076,1909f56bfc062723c751e8b465ee728b)  -> (artifact id: '9a1f400c8a0599436ba3bde134d3a17c') in 0.035214 seconds 
========================================================================
Received Import Request.
  Time since last request: 0.000344 seconds.
  path: Assets/Animations/spiderspider@idle.fbx
  artifactKey: Guid(da6417a40474b9f4882f945fc200a732) Importer(815301076,1909f56bfc062723c751e8b465ee728b)
Start importing Assets/Animations/spiderspider@idle.fbx using Guid(da6417a40474b9f4882f945fc200a732) Importer(815301076,1909f56bfc062723c751e8b465ee728b)  -> (artifact id: '7e95534d975359be740b8dc8f59fd285') in 0.026104 seconds 
========================================================================
Received Import Request.
  Time since last request: 23.545840 seconds.
  path: Assets/Animations/NewSurfaceShader.shader
  artifactKey: Guid(29ca222c6ef83d5488b31eb0d00281aa) Importer(815301076,1909f56bfc062723c751e8b465ee728b)
Start importing Assets/Animations/NewSurfaceShader.shader using Guid(29ca222c6ef83d5488b31eb0d00281aa) Importer(815301076,1909f56bfc062723c751e8b465ee728b)  -> (artifact id: '674a3828b0a389f906ec1d4c5da93c77') in 0.015687 seconds 
========================================================================
Received Import Request.
  Time since last request: 18.269516 seconds.
  path: Assets/Materials
  artifactKey: Guid(d0234ba368eeec9418390da711bfdad0) Importer(815301076,1909f56bfc062723c751e8b465ee728b)
Start importing Assets/Materials using Guid(d0234ba368eeec9418390da711bfdad0) Importer(815301076,1909f56bfc062723c751e8b465ee728b)  -> (artifact id: 'dd1fccef896d48891410691dfde716e5') in 0.005848 seconds 
========================================================================
Received Import Request.
  Time since last request: 5.849895 seconds.
  path: Assets/Materials/New Material.mat
  artifactKey: Guid(677e76087afcdd149abeaec7317c1a09) Importer(815301076,1909f56bfc062723c751e8b465ee728b)
Start importing Assets/Materials/New Material.mat using Guid(677e76087afcdd149abeaec7317c1a09) Importer(815301076,1909f56bfc062723c751e8b465ee728b)  -> (artifact id: 'c781ce5784dc3f10eb5ae7bd1d1b03fb') in 0.063545 seconds 
========================================================================
Received Import Request.
  Time since last request: 9.334404 seconds.
  path: Assets/Animations/New Material.mat
  artifactKey: Guid(285a84992fd6ddf4cb3f9463a87a0e85) Importer(815301076,1909f56bfc062723c751e8b465ee728b)
Start importing Assets/Animations/New Material.mat using Guid(285a84992fd6ddf4cb3f9463a87a0e85) Importer(815301076,1909f56bfc062723c751e8b465ee728b)  -> (artifact id: '8abf892ac88e95c21af3a21761ad5f87') in 0.010982 seconds 
========================================================================
Received Import Request.
  Time since last request: 1161.893684 seconds.
  path: Assets/Animations/spider@fire.fbx
  artifactKey: Guid(37b6077683dbf2a4f97cdf62a0af3a24) Importer(815301076,1909f56bfc062723c751e8b465ee728b)
Start importing Assets/Animations/spider@fire.fbx using Guid(37b6077683dbf2a4f97cdf62a0af3a24) Importer(815301076,1909f56bfc062723c751e8b465ee728b)  -> (artifact id: '1c8e2c01ffb6d5b80a6cf4e4e1c1a5ee') in 0.024424 seconds 
========================================================================
Received Import Request.
  Time since last request: 0.000338 seconds.
  path: Assets/Animations/spider@idle.fbx
  artifactKey: Guid(bc991fe4438e72a4d84eaa49b440aff1) Importer(815301076,1909f56bfc062723c751e8b465ee728b)
Start importing Assets/Animations/spider@idle.fbx using Guid(bc991fe4438e72a4d84eaa49b440aff1) Importer(815301076,1909f56bfc062723c751e8b465ee728b)  -> (artifact id: '377bb848de055326407a2795f247e3b1') in 0.008005 seconds 
========================================================================
Received Import Request.
  Time since last request: 0.000338 seconds.
  path: Assets/Animations/spider@walk.fbx
  artifactKey: Guid(c50c8326cefb2b34ba03bf1f553520c7) Importer(815301076,1909f56bfc062723c751e8b465ee728b)
Start importing Assets/Animations/spider@walk.fbx using Guid(c50c8326cefb2b34ba03bf1f553520c7) Importer(815301076,1909f56bfc062723c751e8b465ee728b)  -> (artifact id: '7c13b7277a7800684b66b27ce2203204') in 0.020343 seconds 
========================================================================
Received Import Request.
  Time since last request: 54.393686 seconds.
  path: Assets/Animations/spider@fire.fbx
  artifactKey: Guid(37b6077683dbf2a4f97cdf62a0af3a24) Importer(815301076,1909f56bfc062723c751e8b465ee728b)
Start importing Assets/Animations/spider@fire.fbx using Guid(37b6077683dbf2a4f97cdf62a0af3a24) Importer(815301076,1909f56bfc062723c751e8b465ee728b)  -> (artifact id: '1d81e228f6a1573f77fdda3cbd56b180') in 0.019315 seconds 
========================================================================
Received Import Request.
  Time since last request: 0.000353 seconds.
  path: Assets/Animations/spider@idle.fbx
  artifactKey: Guid(bc991fe4438e72a4d84eaa49b440aff1) Importer(815301076,1909f56bfc062723c751e8b465ee728b)
Start importing Assets/Animations/spider@idle.fbx using Guid(bc991fe4438e72a4d84eaa49b440aff1) Importer(815301076,1909f56bfc062723c751e8b465ee728b)  -> (artifact id: 'bed650540f67616f921833d41f975e3c') in 0.018200 seconds 
========================================================================
Received Import Request.
  Time since last request: 0.000336 seconds.
  path: Assets/Animations/spider@walk.fbx
  artifactKey: Guid(c50c8326cefb2b34ba03bf1f553520c7) Importer(815301076,1909f56bfc062723c751e8b465ee728b)
Start importing Assets/Animations/spider@walk.fbx using Guid(c50c8326cefb2b34ba03bf1f553520c7) Importer(815301076,1909f56bfc062723c751e8b465ee728b)  -> (artifact id: 'cad432be34f6805ee4aa5831c16a39ef') in 0.014388 seconds 
========================================================================
Received Import Request.
  Time since last request: 262.486888 seconds.
  path: Assets/Animations/cube@move.fbx
  artifactKey: Guid(030cc5aa5c83ba2478f558d10fdf8104) Importer(815301076,1909f56bfc062723c751e8b465ee728b)
Start importing Assets/Animations/cube@move.fbx using Guid(030cc5aa5c83ba2478f558d10fdf8104) Importer(815301076,1909f56bfc062723c751e8b465ee728b)  -> (artifact id: '8914770df3ccd7bdb4f301967417afda') in 0.303239 seconds 
========================================================================
Received Import Request.
  Time since last request: 219.454391 seconds.
  path: Assets/Animations/spider@fire.fbx
  artifactKey: Guid(37b6077683dbf2a4f97cdf62a0af3a24) Importer(815301076,1909f56bfc062723c751e8b465ee728b)
Start importing Assets/Animations/spider@fire.fbx using Guid(37b6077683dbf2a4f97cdf62a0af3a24) Importer(815301076,1909f56bfc062723c751e8b465ee728b)  -> (artifact id: '200b3cc6c858e528292b2f7f84a5d0f6') in 0.019014 seconds 
========================================================================
Received Import Request.
  Time since last request: 0.000288 seconds.
  path: Assets/Animations/spider@idle.fbx
  artifactKey: Guid(bc991fe4438e72a4d84eaa49b440aff1) Importer(815301076,1909f56bfc062723c751e8b465ee728b)
Start importing Assets/Animations/spider@idle.fbx using Guid(bc991fe4438e72a4d84eaa49b440aff1) Importer(815301076,1909f56bfc062723c751e8b465ee728b)  -> (artifact id: 'f6606133ff40b45a1c577cbad5285138') in 0.018729 seconds 
========================================================================
Received Import Request.
  Time since last request: 0.000278 seconds.
  path: Assets/Animations/spider@walk.fbx
  artifactKey: Guid(c50c8326cefb2b34ba03bf1f553520c7) Importer(815301076,1909f56bfc062723c751e8b465ee728b)
Start importing Assets/Animations/spider@walk.fbx using Guid(c50c8326cefb2b34ba03bf1f553520c7) Importer(815301076,1909f56bfc062723c751e8b465ee728b)  -> (artifact id: '8df7eb494e747f43f06a48572252ec8a') in 0.016724 seconds 
========================================================================
Received Import Request.
  Time since last request: 660.831282 seconds.
  path: Assets/Animations/spider@fire.fbx
  artifactKey: Guid(37b6077683dbf2a4f97cdf62a0af3a24) Importer(815301076,1909f56bfc062723c751e8b465ee728b)
Start importing Assets/Animations/spider@fire.fbx using Guid(37b6077683dbf2a4f97cdf62a0af3a24) Importer(815301076,1909f56bfc062723c751e8b465ee728b)  -> (artifact id: '100951850ff0de30ad46bdb4ef5b44c4') in 0.020963 seconds 
========================================================================
Received Import Request.
  Time since last request: 0.000302 seconds.
  path: Assets/Animations/spider@idle.fbx
  artifactKey: Guid(bc991fe4438e72a4d84eaa49b440aff1) Importer(815301076,1909f56bfc062723c751e8b465ee728b)
Start importing Assets/Animations/spider@idle.fbx using Guid(bc991fe4438e72a4d84eaa49b440aff1) Importer(815301076,1909f56bfc062723c751e8b465ee728b)  -> (artifact id: '2379356a0f47fce2e6955bcfb4a83139') in 0.019247 seconds 
========================================================================
Received Import Request.
  Time since last request: 0.000393 seconds.
  path: Assets/Animations/spider@walk.fbx
  artifactKey: Guid(c50c8326cefb2b34ba03bf1f553520c7) Importer(815301076,1909f56bfc062723c751e8b465ee728b)
Start importing Assets/Animations/spider@walk.fbx using Guid(c50c8326cefb2b34ba03bf1f553520c7) Importer(815301076,1909f56bfc062723c751e8b465ee728b)  -> (artifact id: 'b2554a5ef473de53eec704eb1a175eb9') in 0.018632 seconds 
========================================================================
Received Import Request.
  Time since last request: 38.211691 seconds.
  path: Assets/Animations/spider@fire.fbx
  artifactKey: Guid(37b6077683dbf2a4f97cdf62a0af3a24) Importer(815301076,1909f56bfc062723c751e8b465ee728b)
Start importing Assets/Animations/spider@fire.fbx using Guid(37b6077683dbf2a4f97cdf62a0af3a24) Importer(815301076,1909f56bfc062723c751e8b465ee728b)  -> (artifact id: 'a05096cc9456843f44a92a0ef0b881ea') in 0.019232 seconds 
========================================================================
Received Import Request.
  Time since last request: 0.000322 seconds.
  path: Assets/Animations/spider@idle.fbx
  artifactKey: Guid(bc991fe4438e72a4d84eaa49b440aff1) Importer(815301076,1909f56bfc062723c751e8b465ee728b)
Start importing Assets/Animations/spider@idle.fbx using Guid(bc991fe4438e72a4d84eaa49b440aff1) Importer(815301076,1909f56bfc062723c751e8b465ee728b)  -> (artifact id: '43b6a32512fbf80636272bcf233d3948') in 0.018422 seconds 
========================================================================
Received Import Request.
  Time since last request: 0.000270 seconds.
  path: Assets/Animations/spider@walk.fbx
  artifactKey: Guid(c50c8326cefb2b34ba03bf1f553520c7) Importer(815301076,1909f56bfc062723c751e8b465ee728b)
Start importing Assets/Animations/spider@walk.fbx using Guid(c50c8326cefb2b34ba03bf1f553520c7) Importer(815301076,1909f56bfc062723c751e8b465ee728b)  -> (artifact id: '3d5d9fb327c8797afa015d8246364773') in 0.017363 seconds 
========================================================================
Received Import Request.
  Time since last request: 2490.967810 seconds.
  path: Assets/Animations/spider@walk.fbx
  artifactKey: Guid(c50c8326cefb2b34ba03bf1f553520c7) Importer(815301076,1909f56bfc062723c751e8b465ee728b)
Start importing Assets/Animations/spider@walk.fbx using Guid(c50c8326cefb2b34ba03bf1f553520c7) Importer(815301076,1909f56bfc062723c751e8b465ee728b)  -> (artifact id: 'e87a44301a2c21f1aa2021cf507249dc') in 0.061458 seconds 
========================================================================
Received Import Request.
  Time since last request: 2260.181713 seconds.
  path: Assets/Animations/spider@idle.fbx
  artifactKey: Guid(bc991fe4438e72a4d84eaa49b440aff1) Importer(815301076,1909f56bfc062723c751e8b465ee728b)
Start importing Assets/Animations/spider@idle.fbx using Guid(bc991fe4438e72a4d84eaa49b440aff1) Importer(815301076,1909f56bfc062723c751e8b465ee728b)  -> (artifact id: 'c1604ee2cb967057eb23f0d3d9338aa4') in 0.118815 seconds 
========================================================================
Received Import Request.
  Time since last request: 381.237937 seconds.
  path: Assets/Animations/spider@walk.fbx
  artifactKey: Guid(c50c8326cefb2b34ba03bf1f553520c7) Importer(815301076,1909f56bfc062723c751e8b465ee728b)
Start importing Assets/Animations/spider@walk.fbx using Guid(c50c8326cefb2b34ba03bf1f553520c7) Importer(815301076,1909f56bfc062723c751e8b465ee728b)  -> (artifact id: '9c25ec24f46f156bee2dc118e38e0d96') in 0.064134 seconds 
========================================================================
Received Import Request.
  Time since last request: 112.758141 seconds.
  path: Assets/Animations/spider@fire.fbx
  artifactKey: Guid(37b6077683dbf2a4f97cdf62a0af3a24) Importer(815301076,1909f56bfc062723c751e8b465ee728b)
Start importing Assets/Animations/spider@fire.fbx using Guid(37b6077683dbf2a4f97cdf62a0af3a24) Importer(815301076,1909f56bfc062723c751e8b465ee728b)  -> (artifact id: '042e58e25104da73a8e8c80bbef5604b') in 0.042648 seconds 
========================================================================
Received Import Request.
  Time since last request: 59.446409 seconds.
  path: Assets/Models3d/spider.fbx
  artifactKey: Guid(6521ea13675c146409f59cc714955498) Importer(815301076,1909f56bfc062723c751e8b465ee728b)
Start importing Assets/Models3d/spider.fbx using Guid(6521ea13675c146409f59cc714955498) Importer(815301076,1909f56bfc062723c751e8b465ee728b)  -> (artifact id: '517fb65f30b328fe8d1a689c23310e5e') in 0.057298 seconds 
========================================================================
Received Import Request.
  Time since last request: 24.852240 seconds.
  path: Assets/Models3d/spider.fbx
  artifactKey: Guid(6521ea13675c146409f59cc714955498) Importer(815301076,1909f56bfc062723c751e8b465ee728b)
Start importing Assets/Models3d/spider.fbx using Guid(6521ea13675c146409f59cc714955498) Importer(815301076,1909f56bfc062723c751e8b465ee728b)  -> (artifact id: '2dc25e0090dadea1dfc9fabf5f1b7a8c') in 0.045655 seconds 
========================================================================
Received Import Request.
  Time since last request: 183.190591 seconds.
  path: Assets/Animations/New Animator Controller.controller
  artifactKey: Guid(6d82e78da5f918b4292aff1bf2b7568c) Importer(815301076,1909f56bfc062723c751e8b465ee728b)
Start importing Assets/Animations/New Animator Controller.controller using Guid(6d82e78da5f918b4292aff1bf2b7568c) Importer(815301076,1909f56bfc062723c751e8b465ee728b)  -> (artifact id: '29cad48c288084c44382d21b919f9ccd') in 0.015196 seconds 
========================================================================
Received Import Request.
  Time since last request: 12.182861 seconds.
  path: Assets/Animations/New Animation.anim
  artifactKey: Guid(3272bb4f705c4464ebadf573e7de954c) Importer(815301076,1909f56bfc062723c751e8b465ee728b)
Start importing Assets/Animations/New Animation.anim using Guid(3272bb4f705c4464ebadf573e7de954c) Importer(815301076,1909f56bfc062723c751e8b465ee728b)  -> (artifact id: '0103f705628153dc92678c1af1e26c93') in 0.008719 seconds 
========================================================================
Received Import Request.
  Time since last request: 201.451341 seconds.
  path: Assets/Scripts
  artifactKey: Guid(02a3527b6b33a924e8ec66aa805ea717) Importer(815301076,1909f56bfc062723c751e8b465ee728b)
Start importing Assets/Scripts using Guid(02a3527b6b33a924e8ec66aa805ea717) Importer(815301076,1909f56bfc062723c751e8b465ee728b)  -> (artifact id: 'f0a913a0049096cde5d6a727232f232f') in 0.005774 seconds 
========================================================================
Received Import Request.
  Time since last request: 7.500504 seconds.
  path: Assets/Scripts/spider.cs
  artifactKey: Guid(bb9686ae2bde948429d5d0e53f20e803) Importer(815301076,1909f56bfc062723c751e8b465ee728b)
Start importing Assets/Scripts/spider.cs using Guid(bb9686ae2bde948429d5d0e53f20e803) Importer(815301076,1909f56bfc062723c751e8b465ee728b)  -> (artifact id: 'a80338502cad8712e095bff7e3b87183') in 0.022787 seconds 
========================================================================
Received Prepare
Registering precompiled user dll's ...
Registered in 0.004563 seconds.
Begin MonoManager ReloadAssembly
Native extension for WindowsStandalone target not found
Native extension for WebGL target not found
Refreshing native plugins compatible for Editor in 0.62 ms, found 2 plugins.
Preloading 0 native plugins for Editor in 0.00 ms.
Mono: successfully reloaded assembly
- Completed reload, in  1.256 seconds
Domain Reload Profiling:
	ReloadAssembly (1257ms)
		BeginReloadAssembly (250ms)
			ExecutionOrderSort (0ms)
			DisableScriptedObjects (21ms)
			BackupInstance (0ms)
			ReleaseScriptingObjects (0ms)
			CreateAndSetChildDomain (99ms)
		EndReloadAssembly (945ms)
			LoadAssemblies (140ms)
			RebuildTransferFunctionScriptingTraits (0ms)
			SetupTypeCache (344ms)
			ReleaseScriptCaches (1ms)
			RebuildScriptCaches (45ms)
			SetupLoadedEditorAssemblies (301ms)
				LogAssemblyErrors (0ms)
				InitializePlatformSupportModulesInManaged (5ms)
				SetLoadedEditorAssemblies (1ms)
				RefreshPlugins (1ms)
				BeforeProcessingInitializeOnLoad (62ms)
				ProcessInitializeOnLoadAttributes (220ms)
				ProcessInitializeOnLoadMethodAttributes (9ms)
				AfterProcessingInitializeOnLoad (2ms)
				EditorAssembliesLoaded (0ms)
			ExecutionOrderSort2 (0ms)
			AwakeInstancesAfterBackupRestoration (17ms)
Platform modules already initialized, skipping
Refreshing native plugins compatible for Editor in 0.58 ms, found 2 plugins.
Preloading 0 native plugins for Editor in 0.00 ms.
Unloading 2701 Unused Serialized files (Serialized files now loaded: 0)
System memory in use before: 139.2 MB.
System memory in use after: 139.5 MB.

Unloading 12 unused Assets to reduce memory usage. Loaded Objects now: 3333.
Total: 3.894300 ms (FindLiveObjects: 0.253000 ms CreateObjectMapping: 0.165100 ms MarkObjects: 3.451200 ms  DeleteObjects: 0.024000 ms)

AssetImportParameters requested are different than current active one (requested -> active):
  custom:framework-win-MediaFoundation: 216162199b28c13a410421893ffa2e32 -> 
  custom:video-decoder-ogg-theora: a1e56fd34408186e4bbccfd4996cb3dc -> 
  custom:container-muxer-webm: aa71ff27fc2769a1b78a27578f13a17b -> 
  custom:container-demuxer-webm: 4f35f7cbe854078d1ac9338744f61a02 -> 
  custom:container-demuxer-ogg: 62fdf1f143b41e24485cea50d1cbac27 -> 
  custom:video-encoder-webm-vp8: eb34c28f22e8b96e1ab97ce403110664 -> 
  custom:video-decoder-webm-vp8: 9c59270c3fd7afecdb556c50c9e8de78 -> 
  custom:audio-decoder-ogg-vorbis: bf7c407c2cedff20999df2af8eb42d56 -> 
  custom:audio-encoder-webm-vorbis: bf7c407c2cedff20999df2af8eb42d56 -> 
========================================================================
Received Prepare
Registering precompiled user dll's ...
Registered in 0.003119 seconds.
Begin MonoManager ReloadAssembly
Native extension for WindowsStandalone target not found
Native extension for WebGL target not found
Refreshing native plugins compatible for Editor in 0.55 ms, found 2 plugins.
Preloading 0 native plugins for Editor in 0.00 ms.
Mono: successfully reloaded assembly
- Completed reload, in  1.117 seconds
Domain Reload Profiling:
	ReloadAssembly (1117ms)
		BeginReloadAssembly (134ms)
			ExecutionOrderSort (0ms)
			DisableScriptedObjects (5ms)
			BackupInstance (0ms)
			ReleaseScriptingObjects (0ms)
			CreateAndSetChildDomain (37ms)
		EndReloadAssembly (926ms)
			LoadAssemblies (121ms)
			RebuildTransferFunctionScriptingTraits (0ms)
			SetupTypeCache (323ms)
			ReleaseScriptCaches (1ms)
			RebuildScriptCaches (46ms)
			SetupLoadedEditorAssemblies (313ms)
				LogAssemblyErrors (0ms)
				InitializePlatformSupportModulesInManaged (5ms)
				SetLoadedEditorAssemblies (1ms)
				RefreshPlugins (1ms)
				BeforeProcessingInitializeOnLoad (71ms)
				ProcessInitializeOnLoadAttributes (224ms)
				ProcessInitializeOnLoadMethodAttributes (10ms)
				AfterProcessingInitializeOnLoad (2ms)
				EditorAssembliesLoaded (0ms)
			ExecutionOrderSort2 (0ms)
			AwakeInstancesAfterBackupRestoration (17ms)
Platform modules already initialized, skipping
Refreshing native plugins compatible for Editor in 0.66 ms, found 2 plugins.
Preloading 0 native plugins for Editor in 0.00 ms.
Unloading 2700 Unused Serialized files (Serialized files now loaded: 0)
System memory in use before: 139.3 MB.
System memory in use after: 139.5 MB.

Unloading 13 unused Assets to reduce memory usage. Loaded Objects now: 3334.
Total: 3.651700 ms (FindLiveObjects: 0.267900 ms CreateObjectMapping: 0.151200 ms MarkObjects: 3.206500 ms  DeleteObjects: 0.025300 ms)

AssetImportParameters requested are different than current active one (requested -> active):
  custom:framework-win-MediaFoundation: 216162199b28c13a410421893ffa2e32 -> 
  custom:video-decoder-ogg-theora: a1e56fd34408186e4bbccfd4996cb3dc -> 
  custom:container-muxer-webm: aa71ff27fc2769a1b78a27578f13a17b -> 
  custom:container-demuxer-webm: 4f35f7cbe854078d1ac9338744f61a02 -> 
  custom:container-demuxer-ogg: 62fdf1f143b41e24485cea50d1cbac27 -> 
  custom:video-encoder-webm-vp8: eb34c28f22e8b96e1ab97ce403110664 -> 
  custom:video-decoder-webm-vp8: 9c59270c3fd7afecdb556c50c9e8de78 -> 
  custom:audio-decoder-ogg-vorbis: bf7c407c2cedff20999df2af8eb42d56 -> 
  custom:audio-encoder-webm-vorbis: bf7c407c2cedff20999df2af8eb42d56 -> 
========================================================================
Received Prepare
Registering precompiled user dll's ...
Registered in 0.003067 seconds.
Begin MonoManager ReloadAssembly
Native extension for WindowsStandalone target not found
Native extension for WebGL target not found
Refreshing native plugins compatible for Editor in 0.54 ms, found 2 plugins.
Preloading 0 native plugins for Editor in 0.00 ms.
Mono: successfully reloaded assembly
- Completed reload, in  1.110 seconds
Domain Reload Profiling:
	ReloadAssembly (1111ms)
		BeginReloadAssembly (135ms)
			ExecutionOrderSort (0ms)
			DisableScriptedObjects (5ms)
			BackupInstance (0ms)
			ReleaseScriptingObjects (0ms)
			CreateAndSetChildDomain (43ms)
		EndReloadAssembly (909ms)
			LoadAssemblies (116ms)
			RebuildTransferFunctionScriptingTraits (0ms)
			SetupTypeCache (323ms)
			ReleaseScriptCaches (1ms)
			RebuildScriptCaches (45ms)
			SetupLoadedEditorAssemblies (298ms)
				LogAssemblyErrors (0ms)
				InitializePlatformSupportModulesInManaged (5ms)
				SetLoadedEditorAssemblies (1ms)
				RefreshPlugins (1ms)
				BeforeProcessingInitializeOnLoad (62ms)
				ProcessInitializeOnLoadAttributes (219ms)
				ProcessInitializeOnLoadMethodAttributes (9ms)
				AfterProcessingInitializeOnLoad (2ms)
				EditorAssembliesLoaded (0ms)
			ExecutionOrderSort2 (0ms)
			AwakeInstancesAfterBackupRestoration (17ms)
Platform modules already initialized, skipping
Refreshing native plugins compatible for Editor in 0.56 ms, found 2 plugins.
Preloading 0 native plugins for Editor in 0.00 ms.
Unloading 2700 Unused Serialized files (Serialized files now loaded: 0)
System memory in use before: 139.3 MB.
System memory in use after: 139.5 MB.

Unloading 12 unused Assets to reduce memory usage. Loaded Objects now: 3336.
Total: 3.459600 ms (FindLiveObjects: 0.244000 ms CreateObjectMapping: 0.150100 ms MarkObjects: 3.044400 ms  DeleteObjects: 0.020100 ms)

AssetImportParameters requested are different than current active one (requested -> active):
  custom:framework-win-MediaFoundation: 216162199b28c13a410421893ffa2e32 -> 
  custom:video-decoder-ogg-theora: a1e56fd34408186e4bbccfd4996cb3dc -> 
  custom:container-muxer-webm: aa71ff27fc2769a1b78a27578f13a17b -> 
  custom:container-demuxer-webm: 4f35f7cbe854078d1ac9338744f61a02 -> 
  custom:container-demuxer-ogg: 62fdf1f143b41e24485cea50d1cbac27 -> 
  custom:video-encoder-webm-vp8: eb34c28f22e8b96e1ab97ce403110664 -> 
  custom:video-decoder-webm-vp8: 9c59270c3fd7afecdb556c50c9e8de78 -> 
  custom:audio-decoder-ogg-vorbis: bf7c407c2cedff20999df2af8eb42d56 -> 
  custom:audio-encoder-webm-vorbis: bf7c407c2cedff20999df2af8eb42d56 -> 
========================================================================
Received Import Request.
  Time since last request: 698.920463 seconds.
  path: Assets/Scripts/Spider.cs
  artifactKey: Guid(bb9686ae2bde948429d5d0e53f20e803) Importer(815301076,1909f56bfc062723c751e8b465ee728b)
Start importing Assets/Scripts/Spider.cs using Guid(bb9686ae2bde948429d5d0e53f20e803) Importer(815301076,1909f56bfc062723c751e8b465ee728b)  -> (artifact id: '44331094812fe3acdddbe94153ba6ad7') in 0.010553 seconds 
========================================================================
Received Prepare
Registering precompiled user dll's ...
Registered in 0.002996 seconds.
Begin MonoManager ReloadAssembly
Native extension for WindowsStandalone target not found
Native extension for WebGL target not found
Refreshing native plugins compatible for Editor in 0.55 ms, found 2 plugins.
Preloading 0 native plugins for Editor in 0.00 ms.
Mono: successfully reloaded assembly
- Completed reload, in  1.122 seconds
Domain Reload Profiling:
	ReloadAssembly (1123ms)
		BeginReloadAssembly (125ms)
			ExecutionOrderSort (0ms)
			DisableScriptedObjects (5ms)
			BackupInstance (0ms)
			ReleaseScriptingObjects (0ms)
			CreateAndSetChildDomain (33ms)
		EndReloadAssembly (939ms)
			LoadAssemblies (117ms)
			RebuildTransferFunctionScriptingTraits (0ms)
			SetupTypeCache (315ms)
			ReleaseScriptCaches (2ms)
			RebuildScriptCaches (46ms)
			SetupLoadedEditorAssemblies (310ms)
				LogAssemblyErrors (0ms)
				InitializePlatformSupportModulesInManaged (5ms)
				SetLoadedEditorAssemblies (1ms)
				RefreshPlugins (1ms)
				BeforeProcessingInitializeOnLoad (63ms)
				ProcessInitializeOnLoadAttributes (229ms)
				ProcessInitializeOnLoadMethodAttributes (9ms)
				AfterProcessingInitializeOnLoad (2ms)
				EditorAssembliesLoaded (0ms)
			ExecutionOrderSort2 (0ms)
			AwakeInstancesAfterBackupRestoration (18ms)
Platform modules already initialized, skipping
Refreshing native plugins compatible for Editor in 0.70 ms, found 2 plugins.
Preloading 0 native plugins for Editor in 0.00 ms.
Unloading 2701 Unused Serialized files (Serialized files now loaded: 0)
System memory in use before: 139.3 MB.
System memory in use after: 139.5 MB.

Unloading 12 unused Assets to reduce memory usage. Loaded Objects now: 3339.
Total: 3.240100 ms (FindLiveObjects: 0.244700 ms CreateObjectMapping: 0.164100 ms MarkObjects: 2.808200 ms  DeleteObjects: 0.022500 ms)

AssetImportParameters requested are different than current active one (requested -> active):
  custom:framework-win-MediaFoundation: 216162199b28c13a410421893ffa2e32 -> 
  custom:video-decoder-ogg-theora: a1e56fd34408186e4bbccfd4996cb3dc -> 
  custom:container-muxer-webm: aa71ff27fc2769a1b78a27578f13a17b -> 
  custom:container-demuxer-webm: 4f35f7cbe854078d1ac9338744f61a02 -> 
  custom:container-demuxer-ogg: 62fdf1f143b41e24485cea50d1cbac27 -> 
  custom:video-encoder-webm-vp8: eb34c28f22e8b96e1ab97ce403110664 -> 
  custom:video-decoder-webm-vp8: 9c59270c3fd7afecdb556c50c9e8de78 -> 
  custom:audio-decoder-ogg-vorbis: bf7c407c2cedff20999df2af8eb42d56 -> 
  custom:audio-encoder-webm-vorbis: bf7c407c2cedff20999df2af8eb42d56 -> 
========================================================================
Received Import Request.
  Time since last request: 125.879512 seconds.
  path: Assets/Animations/spider@fire.fbx
  artifactKey: Guid(37b6077683dbf2a4f97cdf62a0af3a24) Importer(815301076,1909f56bfc062723c751e8b465ee728b)
Start importing Assets/Animations/spider@fire.fbx using Guid(37b6077683dbf2a4f97cdf62a0af3a24) Importer(815301076,1909f56bfc062723c751e8b465ee728b)  -> (artifact id: '9bf203a88026527338edec4053c4296d') in 0.282842 seconds 
========================================================================
Received Import Request.
  Time since last request: 6.848066 seconds.
  path: Assets/Animations/spider@idle.fbx
  artifactKey: Guid(bc991fe4438e72a4d84eaa49b440aff1) Importer(815301076,1909f56bfc062723c751e8b465ee728b)
Start importing Assets/Animations/spider@idle.fbx using Guid(bc991fe4438e72a4d84eaa49b440aff1) Importer(815301076,1909f56bfc062723c751e8b465ee728b)  -> (artifact id: 'e79a19a4611134a571ca2558f37fd657') in 0.052471 seconds 
========================================================================
Received Import Request.
  Time since last request: 7.848581 seconds.
  path: Assets/Animations/spider@walk.fbx
  artifactKey: Guid(c50c8326cefb2b34ba03bf1f553520c7) Importer(815301076,1909f56bfc062723c751e8b465ee728b)
Start importing Assets/Animations/spider@walk.fbx using Guid(c50c8326cefb2b34ba03bf1f553520c7) Importer(815301076,1909f56bfc062723c751e8b465ee728b)  -> (artifact id: 'f44a823dbf5d43a8fcf9193733b44f80') in 0.044769 seconds 
========================================================================
Received Import Request.
  Time since last request: 81.016682 seconds.
  path: Assets/Animations/spider@fire.fbx
  artifactKey: Guid(37b6077683dbf2a4f97cdf62a0af3a24) Importer(815301076,1909f56bfc062723c751e8b465ee728b)
Start importing Assets/Animations/spider@fire.fbx using Guid(37b6077683dbf2a4f97cdf62a0af3a24) Importer(815301076,1909f56bfc062723c751e8b465ee728b)  -> (artifact id: 'b6b14c9124ec378a95fe622f868b9127') in 0.048921 seconds 
========================================================================
Received Import Request.
  Time since last request: 10.545647 seconds.
  path: Assets/Animations/spider@idle.fbx
  artifactKey: Guid(bc991fe4438e72a4d84eaa49b440aff1) Importer(815301076,1909f56bfc062723c751e8b465ee728b)
Start importing Assets/Animations/spider@idle.fbx using Guid(bc991fe4438e72a4d84eaa49b440aff1) Importer(815301076,1909f56bfc062723c751e8b465ee728b)  -> (artifact id: '8ef03963a987061a3cbe135ac7e04688') in 0.056560 seconds 
========================================================================
Received Import Request.
  Time since last request: 4.280112 seconds.
  path: Assets/Animations/spider@walk.fbx
  artifactKey: Guid(c50c8326cefb2b34ba03bf1f553520c7) Importer(815301076,1909f56bfc062723c751e8b465ee728b)
Start importing Assets/Animations/spider@walk.fbx using Guid(c50c8326cefb2b34ba03bf1f553520c7) Importer(815301076,1909f56bfc062723c751e8b465ee728b)  -> (artifact id: '076a5be0fe1c65e874f3cb14ef4b9b45') in 0.045130 seconds 
========================================================================
Received Import Request.
  Time since last request: 431.227254 seconds.
  path: Assets/Animations/Spider.controller
  artifactKey: Guid(6d82e78da5f918b4292aff1bf2b7568c) Importer(815301076,1909f56bfc062723c751e8b465ee728b)
Start importing Assets/Animations/Spider.controller using Guid(6d82e78da5f918b4292aff1bf2b7568c) Importer(815301076,1909f56bfc062723c751e8b465ee728b)  -> (artifact id: 'ecaef65558c1a771d3a5ba64006b3334') in 0.004661 seconds 
========================================================================
Received Import Request.
  Time since last request: 65.047208 seconds.
  path: Assets/Models3d/New Avatar Mask.mask
  artifactKey: Guid(74f1592b507f9294b846fe28eda29e7a) Importer(815301076,1909f56bfc062723c751e8b465ee728b)
Start importing Assets/Models3d/New Avatar Mask.mask using Guid(74f1592b507f9294b846fe28eda29e7a) Importer(815301076,1909f56bfc062723c751e8b465ee728b)  -> (artifact id: '4692fa1d268484d84e1155a3bd633eea') in 0.013277 seconds 
========================================================================
Received Import Request.
  Time since last request: 249.138798 seconds.
  path: Assets/Models3d/spider.fbx
  artifactKey: Guid(6521ea13675c146409f59cc714955498) Importer(815301076,1909f56bfc062723c751e8b465ee728b)
Start importing Assets/Models3d/spider.fbx using Guid(6521ea13675c146409f59cc714955498) Importer(815301076,1909f56bfc062723c751e8b465ee728b)  -> (artifact id: 'cd23bc12c8ca032b44e3f011ec9e4816') in 0.063331 seconds 
========================================================================
Received Import Request.
  Time since last request: 233.531673 seconds.
  path: Assets/Animations/spider@fire.fbx
  artifactKey: Guid(37b6077683dbf2a4f97cdf62a0af3a24) Importer(815301076,1909f56bfc062723c751e8b465ee728b)
Start importing Assets/Animations/spider@fire.fbx using Guid(37b6077683dbf2a4f97cdf62a0af3a24) Importer(815301076,1909f56bfc062723c751e8b465ee728b)  -> (artifact id: '10a2f465e910292b501cd839b3b0a225') in 0.046786 seconds 
========================================================================
Received Import Request.
  Time since last request: 8.052541 seconds.
  path: Assets/Animations/spider@idle.fbx
  artifactKey: Guid(bc991fe4438e72a4d84eaa49b440aff1) Importer(815301076,1909f56bfc062723c751e8b465ee728b)
Start importing Assets/Animations/spider@idle.fbx using Guid(bc991fe4438e72a4d84eaa49b440aff1) Importer(815301076,1909f56bfc062723c751e8b465ee728b)  -> (artifact id: '5b3ba2c357441eaee8125b9bed83766a') in 0.041851 seconds 
========================================================================
Received Import Request.
  Time since last request: 7.731265 seconds.
  path: Assets/Animations/spider@walk.fbx
  artifactKey: Guid(c50c8326cefb2b34ba03bf1f553520c7) Importer(815301076,1909f56bfc062723c751e8b465ee728b)
Start importing Assets/Animations/spider@walk.fbx using Guid(c50c8326cefb2b34ba03bf1f553520c7) Importer(815301076,1909f56bfc062723c751e8b465ee728b)  -> (artifact id: '5c8fed816a1c10db09bf27158922eed1') in 0.039620 seconds 
========================================================================
Received Prepare
Registering precompiled user dll's ...
Registered in 0.003273 seconds.
Begin MonoManager ReloadAssembly
Native extension for WindowsStandalone target not found
Native extension for WebGL target not found
Refreshing native plugins compatible for Editor in 0.58 ms, found 2 plugins.
Preloading 0 native plugins for Editor in 0.00 ms.
Mono: successfully reloaded assembly
- Completed reload, in  1.178 seconds
Domain Reload Profiling:
	ReloadAssembly (1179ms)
		BeginReloadAssembly (137ms)
			ExecutionOrderSort (0ms)
			DisableScriptedObjects (7ms)
			BackupInstance (0ms)
			ReleaseScriptingObjects (0ms)
			CreateAndSetChildDomain (40ms)
		EndReloadAssembly (982ms)
			LoadAssemblies (121ms)
			RebuildTransferFunctionScriptingTraits (0ms)
			SetupTypeCache (319ms)
			ReleaseScriptCaches (2ms)
			RebuildScriptCaches (67ms)
			SetupLoadedEditorAssemblies (322ms)
				LogAssemblyErrors (0ms)
				InitializePlatformSupportModulesInManaged (5ms)
				SetLoadedEditorAssemblies (1ms)
				RefreshPlugins (1ms)
				BeforeProcessingInitializeOnLoad (66ms)
				ProcessInitializeOnLoadAttributes (237ms)
				ProcessInitializeOnLoadMethodAttributes (11ms)
				AfterProcessingInitializeOnLoad (2ms)
				EditorAssembliesLoaded (0ms)
			ExecutionOrderSort2 (0ms)
			AwakeInstancesAfterBackupRestoration (19ms)
Platform modules already initialized, skipping
Refreshing native plugins compatible for Editor in 0.55 ms, found 2 plugins.
Preloading 0 native plugins for Editor in 0.00 ms.
Unloading 2701 Unused Serialized files (Serialized files now loaded: 0)
System memory in use before: 139.5 MB.
System memory in use after: 139.7 MB.

Unloading 12 unused Assets to reduce memory usage. Loaded Objects now: 3377.
Total: 3.594200 ms (FindLiveObjects: 0.258100 ms CreateObjectMapping: 0.192800 ms MarkObjects: 3.118100 ms  DeleteObjects: 0.024300 ms)

AssetImportParameters requested are different than current active one (requested -> active):
  custom:framework-win-MediaFoundation: 216162199b28c13a410421893ffa2e32 -> 
  custom:video-decoder-ogg-theora: a1e56fd34408186e4bbccfd4996cb3dc -> 
  custom:container-muxer-webm: aa71ff27fc2769a1b78a27578f13a17b -> 
  custom:container-demuxer-webm: 4f35f7cbe854078d1ac9338744f61a02 -> 
  custom:container-demuxer-ogg: 62fdf1f143b41e24485cea50d1cbac27 -> 
  custom:video-encoder-webm-vp8: eb34c28f22e8b96e1ab97ce403110664 -> 
  custom:video-decoder-webm-vp8: 9c59270c3fd7afecdb556c50c9e8de78 -> 
  custom:audio-decoder-ogg-vorbis: bf7c407c2cedff20999df2af8eb42d56 -> 
  custom:audio-encoder-webm-vorbis: bf7c407c2cedff20999df2af8eb42d56 -> 
========================================================================
Received Prepare
Registering precompiled user dll's ...
Registered in 0.003641 seconds.
Begin MonoManager ReloadAssembly
Native extension for WindowsStandalone target not found
Native extension for WebGL target not found
Refreshing native plugins compatible for Editor in 0.60 ms, found 2 plugins.
Preloading 0 native plugins for Editor in 0.00 ms.
Mono: successfully reloaded assembly
- Completed reload, in  1.102 seconds
Domain Reload Profiling:
	ReloadAssembly (1103ms)
		BeginReloadAssembly (132ms)
			ExecutionOrderSort (0ms)
			DisableScriptedObjects (5ms)
			BackupInstance (0ms)
			ReleaseScriptingObjects (0ms)
			CreateAndSetChildDomain (36ms)
		EndReloadAssembly (911ms)
			LoadAssemblies (120ms)
			RebuildTransferFunctionScriptingTraits (0ms)
			SetupTypeCache (318ms)
			ReleaseScriptCaches (1ms)
			RebuildScriptCaches (45ms)
			SetupLoadedEditorAssemblies (301ms)
				LogAssemblyErrors (0ms)
				InitializePlatformSupportModulesInManaged (5ms)
				SetLoadedEditorAssemblies (1ms)
				RefreshPlugins (1ms)
				BeforeProcessingInitializeOnLoad (63ms)
				ProcessInitializeOnLoadAttributes (219ms)
				ProcessInitializeOnLoadMethodAttributes (9ms)
				AfterProcessingInitializeOnLoad (3ms)
				EditorAssembliesLoaded (0ms)
			ExecutionOrderSort2 (0ms)
			AwakeInstancesAfterBackupRestoration (17ms)
Platform modules already initialized, skipping
Refreshing native plugins compatible for Editor in 0.56 ms, found 2 plugins.
Preloading 0 native plugins for Editor in 0.00 ms.
Unloading 2701 Unused Serialized files (Serialized files now loaded: 0)
System memory in use before: 139.5 MB.
System memory in use after: 139.8 MB.

Unloading 12 unused Assets to reduce memory usage. Loaded Objects now: 3379.
Total: 3.624200 ms (FindLiveObjects: 0.248800 ms CreateObjectMapping: 0.142700 ms MarkObjects: 3.210800 ms  DeleteObjects: 0.021300 ms)

AssetImportParameters requested are different than current active one (requested -> active):
  custom:framework-win-MediaFoundation: 216162199b28c13a410421893ffa2e32 -> 
  custom:video-decoder-ogg-theora: a1e56fd34408186e4bbccfd4996cb3dc -> 
  custom:container-muxer-webm: aa71ff27fc2769a1b78a27578f13a17b -> 
  custom:container-demuxer-webm: 4f35f7cbe854078d1ac9338744f61a02 -> 
  custom:container-demuxer-ogg: 62fdf1f143b41e24485cea50d1cbac27 -> 
  custom:video-encoder-webm-vp8: eb34c28f22e8b96e1ab97ce403110664 -> 
  custom:video-decoder-webm-vp8: 9c59270c3fd7afecdb556c50c9e8de78 -> 
  custom:audio-decoder-ogg-vorbis: bf7c407c2cedff20999df2af8eb42d56 -> 
  custom:audio-encoder-webm-vorbis: bf7c407c2cedff20999df2af8eb42d56 -> 
========================================================================
Received Prepare
Registering precompiled user dll's ...
Registered in 0.003106 seconds.
Begin MonoManager ReloadAssembly
Native extension for WindowsStandalone target not found
Native extension for WebGL target not found
Refreshing native plugins compatible for Editor in 0.54 ms, found 2 plugins.
Preloading 0 native plugins for Editor in 0.00 ms.
Mono: successfully reloaded assembly
- Completed reload, in  1.102 seconds
Domain Reload Profiling:
	ReloadAssembly (1103ms)
		BeginReloadAssembly (130ms)
			ExecutionOrderSort (0ms)
			DisableScriptedObjects (5ms)
			BackupInstance (0ms)
			ReleaseScriptingObjects (0ms)
			CreateAndSetChildDomain (35ms)
		EndReloadAssembly (910ms)
			LoadAssemblies (121ms)
			RebuildTransferFunctionScriptingTraits (0ms)
			SetupTypeCache (319ms)
			ReleaseScriptCaches (1ms)
			RebuildScriptCaches (45ms)
			SetupLoadedEditorAssemblies (301ms)
				LogAssemblyErrors (0ms)
				InitializePlatformSupportModulesInManaged (5ms)
				SetLoadedEditorAssemblies (1ms)
				RefreshPlugins (1ms)
				BeforeProcessingInitializeOnLoad (63ms)
				ProcessInitializeOnLoadAttributes (219ms)
				ProcessInitializeOnLoadMethodAttributes (10ms)
				AfterProcessingInitializeOnLoad (2ms)
				EditorAssembliesLoaded (0ms)
			ExecutionOrderSort2 (0ms)
			AwakeInstancesAfterBackupRestoration (17ms)
Platform modules already initialized, skipping
Refreshing native plugins compatible for Editor in 0.54 ms, found 2 plugins.
Preloading 0 native plugins for Editor in 0.00 ms.
Unloading 2701 Unused Serialized files (Serialized files now loaded: 0)
System memory in use before: 139.5 MB.
System memory in use after: 139.8 MB.

Unloading 12 unused Assets to reduce memory usage. Loaded Objects now: 3381.
Total: 3.490600 ms (FindLiveObjects: 0.258200 ms CreateObjectMapping: 0.146100 ms MarkObjects: 3.066400 ms  DeleteObjects: 0.019100 ms)

AssetImportParameters requested are different than current active one (requested -> active):
  custom:framework-win-MediaFoundation: 216162199b28c13a410421893ffa2e32 -> 
  custom:video-decoder-ogg-theora: a1e56fd34408186e4bbccfd4996cb3dc -> 
  custom:container-muxer-webm: aa71ff27fc2769a1b78a27578f13a17b -> 
  custom:container-demuxer-webm: 4f35f7cbe854078d1ac9338744f61a02 -> 
  custom:container-demuxer-ogg: 62fdf1f143b41e24485cea50d1cbac27 -> 
  custom:video-encoder-webm-vp8: eb34c28f22e8b96e1ab97ce403110664 -> 
  custom:video-decoder-webm-vp8: 9c59270c3fd7afecdb556c50c9e8de78 -> 
  custom:audio-decoder-ogg-vorbis: bf7c407c2cedff20999df2af8eb42d56 -> 
  custom:audio-encoder-webm-vorbis: bf7c407c2cedff20999df2af8eb42d56 -> 
========================================================================
Received Prepare
Registering precompiled user dll's ...
Registered in 0.003550 seconds.
Begin MonoManager ReloadAssembly
Native extension for WindowsStandalone target not found
Native extension for WebGL target not found
Refreshing native plugins compatible for Editor in 0.56 ms, found 2 plugins.
Preloading 0 native plugins for Editor in 0.00 ms.
Mono: successfully reloaded assembly
- Completed reload, in  1.143 seconds
Domain Reload Profiling:
	ReloadAssembly (1143ms)
		BeginReloadAssembly (145ms)
			ExecutionOrderSort (0ms)
			DisableScriptedObjects (6ms)
			BackupInstance (0ms)
			ReleaseScriptingObjects (0ms)
			CreateAndSetChildDomain (39ms)
		EndReloadAssembly (938ms)
			LoadAssemblies (137ms)
			RebuildTransferFunctionScriptingTraits (0ms)
			SetupTypeCache (329ms)
			ReleaseScriptCaches (1ms)
			RebuildScriptCaches (48ms)
			SetupLoadedEditorAssemblies (304ms)
				LogAssemblyErrors (0ms)
				InitializePlatformSupportModulesInManaged (5ms)
				SetLoadedEditorAssemblies (1ms)
				RefreshPlugins (1ms)
				BeforeProcessingInitializeOnLoad (65ms)
				ProcessInitializeOnLoadAttributes (219ms)
				ProcessInitializeOnLoadMethodAttributes (11ms)
				AfterProcessingInitializeOnLoad (2ms)
				EditorAssembliesLoaded (0ms)
			ExecutionOrderSort2 (0ms)
			AwakeInstancesAfterBackupRestoration (17ms)
Platform modules already initialized, skipping
Refreshing native plugins compatible for Editor in 0.54 ms, found 2 plugins.
Preloading 0 native plugins for Editor in 0.00 ms.
Unloading 2701 Unused Serialized files (Serialized files now loaded: 0)
System memory in use before: 139.5 MB.
System memory in use after: 139.8 MB.

Unloading 12 unused Assets to reduce memory usage. Loaded Objects now: 3383.
Total: 3.661800 ms (FindLiveObjects: 0.269900 ms CreateObjectMapping: 0.157500 ms MarkObjects: 3.211100 ms  DeleteObjects: 0.022400 ms)

AssetImportParameters requested are different than current active one (requested -> active):
  custom:framework-win-MediaFoundation: 216162199b28c13a410421893ffa2e32 -> 
  custom:video-decoder-ogg-theora: a1e56fd34408186e4bbccfd4996cb3dc -> 
  custom:container-muxer-webm: aa71ff27fc2769a1b78a27578f13a17b -> 
  custom:container-demuxer-webm: 4f35f7cbe854078d1ac9338744f61a02 -> 
  custom:container-demuxer-ogg: 62fdf1f143b41e24485cea50d1cbac27 -> 
  custom:video-encoder-webm-vp8: eb34c28f22e8b96e1ab97ce403110664 -> 
  custom:video-decoder-webm-vp8: 9c59270c3fd7afecdb556c50c9e8de78 -> 
  custom:audio-decoder-ogg-vorbis: bf7c407c2cedff20999df2af8eb42d56 -> 
  custom:audio-encoder-webm-vorbis: bf7c407c2cedff20999df2af8eb42d56 -> 
========================================================================
Received Import Request.
  Time since last request: 4090.132879 seconds.
  path: Assets/Animations/Spider.controller
  artifactKey: Guid(6d82e78da5f918b4292aff1bf2b7568c) Importer(815301076,1909f56bfc062723c751e8b465ee728b)
Start importing Assets/Animations/Spider.controller using Guid(6d82e78da5f918b4292aff1bf2b7568c) Importer(815301076,1909f56bfc062723c751e8b465ee728b)  -> (artifact id: 'be2e21979c9ec999f31d8b47cc6ee080') in 0.071606 seconds 
========================================================================
Received Prepare
Registering precompiled user dll's ...
Registered in 0.003178 seconds.
Begin MonoManager ReloadAssembly
Native extension for WindowsStandalone target not found
Native extension for WebGL target not found
Refreshing native plugins compatible for Editor in 0.55 ms, found 2 plugins.
Preloading 0 native plugins for Editor in 0.00 ms.
Mono: successfully reloaded assembly
- Completed reload, in  1.114 seconds
Domain Reload Profiling:
	ReloadAssembly (1114ms)
		BeginReloadAssembly (135ms)
			ExecutionOrderSort (0ms)
			DisableScriptedObjects (5ms)
			BackupInstance (0ms)
			ReleaseScriptingObjects (0ms)
			CreateAndSetChildDomain (39ms)
		EndReloadAssembly (920ms)
			LoadAssemblies (122ms)
			RebuildTransferFunctionScriptingTraits (0ms)
			SetupTypeCache (324ms)
			ReleaseScriptCaches (1ms)
			RebuildScriptCaches (45ms)
			SetupLoadedEditorAssemblies (300ms)
				LogAssemblyErrors (0ms)
				InitializePlatformSupportModulesInManaged (5ms)
				SetLoadedEditorAssemblies (1ms)
				RefreshPlugins (1ms)
				BeforeProcessingInitializeOnLoad (62ms)
				ProcessInitializeOnLoadAttributes (220ms)
				ProcessInitializeOnLoadMethodAttributes (9ms)
				AfterProcessingInitializeOnLoad (2ms)
				EditorAssembliesLoaded (0ms)
			ExecutionOrderSort2 (0ms)
			AwakeInstancesAfterBackupRestoration (17ms)
Platform modules already initialized, skipping
Refreshing native plugins compatible for Editor in 0.55 ms, found 2 plugins.
Preloading 0 native plugins for Editor in 0.00 ms.
Unloading 2701 Unused Serialized files (Serialized files now loaded: 0)
System memory in use before: 139.6 MB.
System memory in use after: 139.8 MB.

Unloading 12 unused Assets to reduce memory usage. Loaded Objects now: 3385.
Total: 3.702700 ms (FindLiveObjects: 0.252400 ms CreateObjectMapping: 0.134800 ms MarkObjects: 3.292800 ms  DeleteObjects: 0.021700 ms)

AssetImportParameters requested are different than current active one (requested -> active):
  custom:framework-win-MediaFoundation: 216162199b28c13a410421893ffa2e32 -> 
  custom:video-decoder-ogg-theora: a1e56fd34408186e4bbccfd4996cb3dc -> 
  custom:container-muxer-webm: aa71ff27fc2769a1b78a27578f13a17b -> 
  custom:container-demuxer-webm: 4f35f7cbe854078d1ac9338744f61a02 -> 
  custom:container-demuxer-ogg: 62fdf1f143b41e24485cea50d1cbac27 -> 
  custom:video-encoder-webm-vp8: eb34c28f22e8b96e1ab97ce403110664 -> 
  custom:video-decoder-webm-vp8: 9c59270c3fd7afecdb556c50c9e8de78 -> 
  custom:audio-decoder-ogg-vorbis: bf7c407c2cedff20999df2af8eb42d56 -> 
  custom:audio-encoder-webm-vorbis: bf7c407c2cedff20999df2af8eb42d56 -> 
========================================================================
Received Import Request.
  Time since last request: 92.236428 seconds.
  path: Assets/Animations/Spider.controller
  artifactKey: Guid(6d82e78da5f918b4292aff1bf2b7568c) Importer(815301076,1909f56bfc062723c751e8b465ee728b)
Start importing Assets/Animations/Spider.controller using Guid(6d82e78da5f918b4292aff1bf2b7568c) Importer(815301076,1909f56bfc062723c751e8b465ee728b)  -> (artifact id: '594eef2a86502e198aee54d5bf4d7ccd') in 0.025250 seconds 
========================================================================
Received Prepare
Registering precompiled user dll's ...
Registered in 0.003242 seconds.
Begin MonoManager ReloadAssembly
Native extension for WindowsStandalone target not found
Native extension for WebGL target not found
Refreshing native plugins compatible for Editor in 0.58 ms, found 2 plugins.
Preloading 0 native plugins for Editor in 0.00 ms.
Mono: successfully reloaded assembly
- Completed reload, in  1.121 seconds
Domain Reload Profiling:
	ReloadAssembly (1121ms)
		BeginReloadAssembly (128ms)
			ExecutionOrderSort (0ms)
			DisableScriptedObjects (5ms)
			BackupInstance (0ms)
			ReleaseScriptingObjects (0ms)
			CreateAndSetChildDomain (34ms)
		EndReloadAssembly (932ms)
			LoadAssemblies (121ms)
			RebuildTransferFunctionScriptingTraits (0ms)
			SetupTypeCache (325ms)
			ReleaseScriptCaches (1ms)
			RebuildScriptCaches (44ms)
			SetupLoadedEditorAssemblies (313ms)
				LogAssemblyErrors (0ms)
				InitializePlatformSupportModulesInManaged (7ms)
				SetLoadedEditorAssemblies (1ms)
				RefreshPlugins (1ms)
				BeforeProcessingInitializeOnLoad (63ms)
				ProcessInitializeOnLoadAttributes (230ms)
				ProcessInitializeOnLoadMethodAttributes (9ms)
				AfterProcessingInitializeOnLoad (2ms)
				EditorAssembliesLoaded (0ms)
			ExecutionOrderSort2 (0ms)
			AwakeInstancesAfterBackupRestoration (17ms)
Platform modules already initialized, skipping
Refreshing native plugins compatible for Editor in 0.55 ms, found 2 plugins.
Preloading 0 native plugins for Editor in 0.00 ms.
Unloading 2701 Unused Serialized files (Serialized files now loaded: 0)
System memory in use before: 139.6 MB.
System memory in use after: 139.8 MB.

Unloading 12 unused Assets to reduce memory usage. Loaded Objects now: 3387.
Total: 3.445600 ms (FindLiveObjects: 0.253300 ms CreateObjectMapping: 0.140600 ms MarkObjects: 3.032300 ms  DeleteObjects: 0.018600 ms)

AssetImportParameters requested are different than current active one (requested -> active):
  custom:framework-win-MediaFoundation: 216162199b28c13a410421893ffa2e32 -> 
  custom:video-decoder-ogg-theora: a1e56fd34408186e4bbccfd4996cb3dc -> 
  custom:container-muxer-webm: aa71ff27fc2769a1b78a27578f13a17b -> 
  custom:container-demuxer-webm: 4f35f7cbe854078d1ac9338744f61a02 -> 
  custom:container-demuxer-ogg: 62fdf1f143b41e24485cea50d1cbac27 -> 
  custom:video-encoder-webm-vp8: eb34c28f22e8b96e1ab97ce403110664 -> 
  custom:video-decoder-webm-vp8: 9c59270c3fd7afecdb556c50c9e8de78 -> 
  custom:audio-decoder-ogg-vorbis: bf7c407c2cedff20999df2af8eb42d56 -> 
  custom:audio-encoder-webm-vorbis: bf7c407c2cedff20999df2af8eb42d56 -> 
========================================================================
Received Prepare
Registering precompiled user dll's ...
Registered in 0.003200 seconds.
Begin MonoManager ReloadAssembly
Native extension for WindowsStandalone target not found
Native extension for WebGL target not found
Refreshing native plugins compatible for Editor in 0.54 ms, found 2 plugins.
Preloading 0 native plugins for Editor in 0.00 ms.
Mono: successfully reloaded assembly
- Completed reload, in  1.101 seconds
Domain Reload Profiling:
	ReloadAssembly (1102ms)
		BeginReloadAssembly (130ms)
			ExecutionOrderSort (0ms)
			DisableScriptedObjects (5ms)
			BackupInstance (0ms)
			ReleaseScriptingObjects (0ms)
			CreateAndSetChildDomain (36ms)
		EndReloadAssembly (913ms)
			LoadAssemblies (116ms)
			RebuildTransferFunctionScriptingTraits (0ms)
			SetupTypeCache (319ms)
			ReleaseScriptCaches (1ms)
			RebuildScriptCaches (45ms)
			SetupLoadedEditorAssemblies (299ms)
				LogAssemblyErrors (0ms)
				InitializePlatformSupportModulesInManaged (5ms)
				SetLoadedEditorAssemblies (1ms)
				RefreshPlugins (1ms)
				BeforeProcessingInitializeOnLoad (62ms)
				ProcessInitializeOnLoadAttributes (217ms)
				ProcessInitializeOnLoadMethodAttributes (9ms)
				AfterProcessingInitializeOnLoad (3ms)
				EditorAssembliesLoaded (0ms)
			ExecutionOrderSort2 (0ms)
			AwakeInstancesAfterBackupRestoration (17ms)
Platform modules already initialized, skipping
Refreshing native plugins compatible for Editor in 0.54 ms, found 2 plugins.
Preloading 0 native plugins for Editor in 0.00 ms.
Unloading 2701 Unused Serialized files (Serialized files now loaded: 0)
System memory in use before: 139.6 MB.
System memory in use after: 139.8 MB.

Unloading 12 unused Assets to reduce memory usage. Loaded Objects now: 3389.
Total: 3.686300 ms (FindLiveObjects: 0.298600 ms CreateObjectMapping: 0.163500 ms MarkObjects: 3.202900 ms  DeleteObjects: 0.020500 ms)

AssetImportParameters requested are different than current active one (requested -> active):
  custom:framework-win-MediaFoundation: 216162199b28c13a410421893ffa2e32 -> 
  custom:video-decoder-ogg-theora: a1e56fd34408186e4bbccfd4996cb3dc -> 
  custom:container-muxer-webm: aa71ff27fc2769a1b78a27578f13a17b -> 
  custom:container-demuxer-webm: 4f35f7cbe854078d1ac9338744f61a02 -> 
  custom:container-demuxer-ogg: 62fdf1f143b41e24485cea50d1cbac27 -> 
  custom:video-encoder-webm-vp8: eb34c28f22e8b96e1ab97ce403110664 -> 
  custom:video-decoder-webm-vp8: 9c59270c3fd7afecdb556c50c9e8de78 -> 
  custom:audio-decoder-ogg-vorbis: bf7c407c2cedff20999df2af8eb42d56 -> 
  custom:audio-encoder-webm-vorbis: bf7c407c2cedff20999df2af8eb42d56 -> 
========================================================================
Received Prepare
Registering precompiled user dll's ...
Registered in 0.003187 seconds.
Begin MonoManager ReloadAssembly
Native extension for WindowsStandalone target not found
Native extension for WebGL target not found
Refreshing native plugins compatible for Editor in 0.55 ms, found 2 plugins.
Preloading 0 native plugins for Editor in 0.00 ms.
Mono: successfully reloaded assembly
- Completed reload, in  1.107 seconds
Domain Reload Profiling:
	ReloadAssembly (1107ms)
		BeginReloadAssembly (131ms)
			ExecutionOrderSort (0ms)
			DisableScriptedObjects (6ms)
			BackupInstance (0ms)
			ReleaseScriptingObjects (0ms)
			CreateAndSetChildDomain (36ms)
		EndReloadAssembly (917ms)
			LoadAssemblies (118ms)
			RebuildTransferFunctionScriptingTraits (0ms)
			SetupTypeCache (318ms)
			ReleaseScriptCaches (1ms)
			RebuildScriptCaches (45ms)
			SetupLoadedEditorAssemblies (305ms)
				LogAssemblyErrors (0ms)
				InitializePlatformSupportModulesInManaged (5ms)
				SetLoadedEditorAssemblies (1ms)
				RefreshPlugins (1ms)
				BeforeProcessingInitializeOnLoad (65ms)
				ProcessInitializeOnLoadAttributes (221ms)
				ProcessInitializeOnLoadMethodAttributes (11ms)
				AfterProcessingInitializeOnLoad (2ms)
				EditorAssembliesLoaded (0ms)
			ExecutionOrderSort2 (0ms)
			AwakeInstancesAfterBackupRestoration (18ms)
Platform modules already initialized, skipping
Refreshing native plugins compatible for Editor in 0.58 ms, found 2 plugins.
Preloading 0 native plugins for Editor in 0.00 ms.
Unloading 2701 Unused Serialized files (Serialized files now loaded: 0)
System memory in use before: 139.6 MB.
System memory in use after: 139.8 MB.

Unloading 12 unused Assets to reduce memory usage. Loaded Objects now: 3391.
Total: 3.596000 ms (FindLiveObjects: 0.272700 ms CreateObjectMapping: 0.179400 ms MarkObjects: 3.121800 ms  DeleteObjects: 0.020900 ms)

AssetImportParameters requested are different than current active one (requested -> active):
  custom:framework-win-MediaFoundation: 216162199b28c13a410421893ffa2e32 -> 
  custom:video-decoder-ogg-theora: a1e56fd34408186e4bbccfd4996cb3dc -> 
  custom:container-muxer-webm: aa71ff27fc2769a1b78a27578f13a17b -> 
  custom:container-demuxer-webm: 4f35f7cbe854078d1ac9338744f61a02 -> 
  custom:container-demuxer-ogg: 62fdf1f143b41e24485cea50d1cbac27 -> 
  custom:video-encoder-webm-vp8: eb34c28f22e8b96e1ab97ce403110664 -> 
  custom:video-decoder-webm-vp8: 9c59270c3fd7afecdb556c50c9e8de78 -> 
  custom:audio-decoder-ogg-vorbis: bf7c407c2cedff20999df2af8eb42d56 -> 
  custom:audio-encoder-webm-vorbis: bf7c407c2cedff20999df2af8eb42d56 -> 
========================================================================
Received Import Request.
  Time since last request: 761.874770 seconds.
  path: Assets/Animations/spider@fire.fbx
  artifactKey: Guid(37b6077683dbf2a4f97cdf62a0af3a24) Importer(815301076,1909f56bfc062723c751e8b465ee728b)
Start importing Assets/Animations/spider@fire.fbx using Guid(37b6077683dbf2a4f97cdf62a0af3a24) Importer(815301076,1909f56bfc062723c751e8b465ee728b)  -> (artifact id: '18cafec82000b6edd476fed060882e64') in 0.255529 seconds 
========================================================================
Received Prepare
Registering precompiled user dll's ...
Registered in 0.003299 seconds.
Begin MonoManager ReloadAssembly
Native extension for WindowsStandalone target not found
Native extension for WebGL target not found
Refreshing native plugins compatible for Editor in 0.56 ms, found 2 plugins.
Preloading 0 native plugins for Editor in 0.00 ms.
Mono: successfully reloaded assembly
- Completed reload, in  1.128 seconds
Domain Reload Profiling:
	ReloadAssembly (1128ms)
		BeginReloadAssembly (140ms)
			ExecutionOrderSort (0ms)
			DisableScriptedObjects (7ms)
			BackupInstance (0ms)
			ReleaseScriptingObjects (0ms)
			CreateAndSetChildDomain (38ms)
		EndReloadAssembly (928ms)
			LoadAssemblies (128ms)
			RebuildTransferFunctionScriptingTraits (0ms)
			SetupTypeCache (326ms)
			ReleaseScriptCaches (2ms)
			RebuildScriptCaches (47ms)
			SetupLoadedEditorAssemblies (298ms)
				LogAssemblyErrors (0ms)
				InitializePlatformSupportModulesInManaged (5ms)
				SetLoadedEditorAssemblies (1ms)
				RefreshPlugins (1ms)
				BeforeProcessingInitializeOnLoad (62ms)
				ProcessInitializeOnLoadAttributes (217ms)
				ProcessInitializeOnLoadMethodAttributes (10ms)
				AfterProcessingInitializeOnLoad (2ms)
				EditorAssembliesLoaded (0ms)
			ExecutionOrderSort2 (0ms)
			AwakeInstancesAfterBackupRestoration (18ms)
Platform modules already initialized, skipping
Refreshing native plugins compatible for Editor in 0.56 ms, found 2 plugins.
Preloading 0 native plugins for Editor in 0.00 ms.
Unloading 2701 Unused Serialized files (Serialized files now loaded: 0)
System memory in use before: 139.7 MB.
System memory in use after: 139.9 MB.

Unloading 12 unused Assets to reduce memory usage. Loaded Objects now: 3429.
Total: 3.670400 ms (FindLiveObjects: 0.259000 ms CreateObjectMapping: 0.153900 ms MarkObjects: 3.235200 ms  DeleteObjects: 0.021200 ms)

AssetImportParameters requested are different than current active one (requested -> active):
  custom:framework-win-MediaFoundation: 216162199b28c13a410421893ffa2e32 -> 
  custom:video-decoder-ogg-theora: a1e56fd34408186e4bbccfd4996cb3dc -> 
  custom:container-muxer-webm: aa71ff27fc2769a1b78a27578f13a17b -> 
  custom:container-demuxer-webm: 4f35f7cbe854078d1ac9338744f61a02 -> 
  custom:container-demuxer-ogg: 62fdf1f143b41e24485cea50d1cbac27 -> 
  custom:video-encoder-webm-vp8: eb34c28f22e8b96e1ab97ce403110664 -> 
  custom:video-decoder-webm-vp8: 9c59270c3fd7afecdb556c50c9e8de78 -> 
  custom:audio-decoder-ogg-vorbis: bf7c407c2cedff20999df2af8eb42d56 -> 
  custom:audio-encoder-webm-vorbis: bf7c407c2cedff20999df2af8eb42d56 -> 
AssetImportWorkerClient::OnTransportError - code=2 error=End of file
