Using pre-set license
Built from '2020.3/staging' branch; Version is '2020.3.30f1 (1fb1bf06830e) revision 2077119'; Using compiler version '192528614'; Build Type 'Release'
OS: 'Windows 11  (10.0.22000) 64bit CoreSingleLanguage' Language: 'es' Physical Memory: 16215 MB
BatchMode: 1, IsHumanControllingUs: 0, StartBugReporterOnCrash: 0, Is64bit: 1, IsPro: 0

COMMAND LINE ARGUMENTS:
D:\Archivos de programa\unityD\Unity Hub\Editor\2020.3.30f1\Editor\Unity.exe
-adb2
-batchMode
-noUpm
-name
AssetImportWorker0
-projectPath
D:/Escritorio/ClasesSegundo
-logFile
Logs/AssetImportWorker0.log
-srvPort
57535
Successfully changed project path to: D:/Escritorio/ClasesSegundo
D:/Escritorio/ClasesSegundo
Using Asset Import Pipeline V2.
Refreshing native plugins compatible for Editor in 54.18 ms, found 2 plugins.
Preloading 0 native plugins for Editor in 0.00 ms.
Initialize engine version: 2020.3.30f1 (1fb1bf06830e)
[Subsystems] Discovering subsystems at path D:/Archivos de programa/unityD/Unity Hub/Editor/2020.3.30f1/Editor/Data/Resources/UnitySubsystems
[Subsystems] Discovering subsystems at path D:/Escritorio/ClasesSegundo/Assets
GfxDevice: creating device client; threaded=0
Direct3D:
    Version:  Direct3D 11.0 [level 11.1]
    Renderer: NVIDIA GeForce GTX 1650 (ID=0x1f99)
    Vendor:   
    VRAM:     3962 MB
    Driver:   27.21.14.5167
Initialize mono
Mono path[0] = 'D:/Archivos de programa/unityD/Unity Hub/Editor/2020.3.30f1/Editor/Data/Managed'
Mono path[1] = 'D:/Archivos de programa/unityD/Unity Hub/Editor/2020.3.30f1/Editor/Data/MonoBleedingEdge/lib/mono/unityjit'
Mono config path = 'D:/Archivos de programa/unityD/Unity Hub/Editor/2020.3.30f1/Editor/Data/MonoBleedingEdge/etc'
Using monoOptions --debugger-agent=transport=dt_socket,embedding=1,server=y,suspend=n,address=127.0.0.1:56732
Begin MonoManager ReloadAssembly
Registering precompiled unity dll's ...
Register platform support module: D:/Archivos de programa/unityD/Unity Hub/Editor/2020.3.30f1/Editor/Data/PlaybackEngines/WebGLSupport/UnityEditor.WebGL.Extensions.dll
Register platform support module: D:/Archivos de programa/unityD/Unity Hub/Editor/2020.3.30f1/Editor/Data/PlaybackEngines/WindowsStandaloneSupport/UnityEditor.WindowsStandalone.Extensions.dll
Registered in 0.001329 seconds.
Native extension for WindowsStandalone target not found
Native extension for WebGL target not found
Refreshing native plugins compatible for Editor in 57.07 ms, found 2 plugins.
Preloading 0 native plugins for Editor in 0.00 ms.
Mono: successfully reloaded assembly
- Completed reload, in  0.662 seconds
Domain Reload Profiling:
	ReloadAssembly (662ms)
		BeginReloadAssembly (80ms)
			ExecutionOrderSort (0ms)
			DisableScriptedObjects (0ms)
			BackupInstance (0ms)
			ReleaseScriptingObjects (0ms)
			CreateAndSetChildDomain (1ms)
		EndReloadAssembly (512ms)
			LoadAssemblies (79ms)
			RebuildTransferFunctionScriptingTraits (0ms)
			SetupTypeCache (164ms)
			ReleaseScriptCaches (0ms)
			RebuildScriptCaches (33ms)
			SetupLoadedEditorAssemblies (205ms)
				LogAssemblyErrors (0ms)
				InitializePlatformSupportModulesInManaged (5ms)
				SetLoadedEditorAssemblies (0ms)
				RefreshPlugins (57ms)
				BeforeProcessingInitializeOnLoad (12ms)
				ProcessInitializeOnLoadAttributes (99ms)
				ProcessInitializeOnLoadMethodAttributes (31ms)
				AfterProcessingInitializeOnLoad (0ms)
				EditorAssembliesLoaded (0ms)
			ExecutionOrderSort2 (0ms)
			AwakeInstancesAfterBackupRestoration (0ms)
Platform modules already initialized, skipping
Registering precompiled user dll's ...
Registered in 0.003128 seconds.
Begin MonoManager ReloadAssembly
Native extension for WindowsStandalone target not found
Native extension for WebGL target not found
Refreshing native plugins compatible for Editor in 57.25 ms, found 2 plugins.
Preloading 0 native plugins for Editor in 0.00 ms.
Mono: successfully reloaded assembly
- Completed reload, in  1.203 seconds
Domain Reload Profiling:
	ReloadAssembly (1204ms)
		BeginReloadAssembly (171ms)
			ExecutionOrderSort (0ms)
			DisableScriptedObjects (5ms)
			BackupInstance (0ms)
			ReleaseScriptingObjects (0ms)
			CreateAndSetChildDomain (20ms)
		EndReloadAssembly (974ms)
			LoadAssemblies (117ms)
			RebuildTransferFunctionScriptingTraits (0ms)
			SetupTypeCache (332ms)
			ReleaseScriptCaches (1ms)
			RebuildScriptCaches (53ms)
			SetupLoadedEditorAssemblies (356ms)
				LogAssemblyErrors (0ms)
				InitializePlatformSupportModulesInManaged (4ms)
				SetLoadedEditorAssemblies (0ms)
				RefreshPlugins (57ms)
				BeforeProcessingInitializeOnLoad (74ms)
				ProcessInitializeOnLoadAttributes (208ms)
				ProcessInitializeOnLoadMethodAttributes (10ms)
				AfterProcessingInitializeOnLoad (2ms)
				EditorAssembliesLoaded (0ms)
			ExecutionOrderSort2 (0ms)
			AwakeInstancesAfterBackupRestoration (7ms)
Platform modules already initialized, skipping
========================================================================
Worker process is ready to serve import requests
Launched and connected shader compiler UnityShaderCompiler.exe after 0.07 seconds
Refreshing native plugins compatible for Editor in 0.57 ms, found 2 plugins.
Preloading 0 native plugins for Editor in 0.00 ms.
Unloading 2810 Unused Serialized files (Serialized files now loaded: 0)
System memory in use before: 126.5 MB.
System memory in use after: 126.7 MB.

Unloading 17 unused Assets to reduce memory usage. Loaded Objects now: 3245.
Total: 3.542900 ms (FindLiveObjects: 0.233000 ms CreateObjectMapping: 0.160600 ms MarkObjects: 3.084600 ms  DeleteObjects: 0.064000 ms)

AssetImportParameters requested are different than current active one (requested -> active):
  custom:framework-win-MediaFoundation: 216162199b28c13a410421893ffa2e32 -> 
  custom:video-decoder-ogg-theora: a1e56fd34408186e4bbccfd4996cb3dc -> 
  custom:container-muxer-webm: aa71ff27fc2769a1b78a27578f13a17b -> 
  custom:container-demuxer-webm: 4f35f7cbe854078d1ac9338744f61a02 -> 
  custom:container-demuxer-ogg: 62fdf1f143b41e24485cea50d1cbac27 -> 
  custom:video-encoder-webm-vp8: eb34c28f22e8b96e1ab97ce403110664 -> 
  custom:video-decoder-webm-vp8: 9c59270c3fd7afecdb556c50c9e8de78 -> 
  custom:audio-decoder-ogg-vorbis: bf7c407c2cedff20999df2af8eb42d56 -> 
  custom:audio-encoder-webm-vorbis: bf7c407c2cedff20999df2af8eb42d56 -> 
========================================================================
Received Import Request.
  path: Assets/Segundo.unity
  artifactKey: Guid(19840defc4c2d884684752e925518e0b) Importer(815301076,1909f56bfc062723c751e8b465ee728b)
Start importing Assets/Segundo.unity using Guid(19840defc4c2d884684752e925518e0b) Importer(815301076,1909f56bfc062723c751e8b465ee728b)  -> (artifact id: 'e6a00913a1378acf8f9c4c1a2240ce09') in 0.016737 seconds 
========================================================================
Received Import Request.
  Time since last request: 345.099755 seconds.
  path: Assets/Animations/spider@fire.fbx
  artifactKey: Guid(37b6077683dbf2a4f97cdf62a0af3a24) Importer(815301076,1909f56bfc062723c751e8b465ee728b)
Start importing Assets/Animations/spider@fire.fbx using Guid(37b6077683dbf2a4f97cdf62a0af3a24) Importer(815301076,1909f56bfc062723c751e8b465ee728b)  -> (artifact id: 'f8b764362d3203309921502686f3663d') in 0.112750 seconds 
========================================================================
Received Import Request.
  Time since last request: 0.000524 seconds.
  path: Assets/Animations/spider@idle.fbx
  artifactKey: Guid(bc991fe4438e72a4d84eaa49b440aff1) Importer(815301076,1909f56bfc062723c751e8b465ee728b)
Start importing Assets/Animations/spider@idle.fbx using Guid(bc991fe4438e72a4d84eaa49b440aff1) Importer(815301076,1909f56bfc062723c751e8b465ee728b)  -> (artifact id: '3cc98ca04743a52637adea06e230a026') in 0.020125 seconds 
========================================================================
Received Import Request.
  Time since last request: 0.000316 seconds.
  path: Assets/Animations/spider@walk.fbx
  artifactKey: Guid(c50c8326cefb2b34ba03bf1f553520c7) Importer(815301076,1909f56bfc062723c751e8b465ee728b)
Start importing Assets/Animations/spider@walk.fbx using Guid(c50c8326cefb2b34ba03bf1f553520c7) Importer(815301076,1909f56bfc062723c751e8b465ee728b)  -> (artifact id: '35b7bd506bd4f0b65b63a354722695b6') in 0.019459 seconds 
========================================================================
Received Import Request.
  Time since last request: 152.933612 seconds.
  path: Assets/Animations/spider@fire.fbx
  artifactKey: Guid(37b6077683dbf2a4f97cdf62a0af3a24) Importer(815301076,1909f56bfc062723c751e8b465ee728b)
Start importing Assets/Animations/spider@fire.fbx using Guid(37b6077683dbf2a4f97cdf62a0af3a24) Importer(815301076,1909f56bfc062723c751e8b465ee728b)  -> (artifact id: '3e3d00a9f1f951b9621b1e7693988731') in 0.027150 seconds 
========================================================================
Received Import Request.
  Time since last request: 0.000332 seconds.
  path: Assets/Animations/spider@idle.fbx
  artifactKey: Guid(bc991fe4438e72a4d84eaa49b440aff1) Importer(815301076,1909f56bfc062723c751e8b465ee728b)
Start importing Assets/Animations/spider@idle.fbx using Guid(bc991fe4438e72a4d84eaa49b440aff1) Importer(815301076,1909f56bfc062723c751e8b465ee728b)  -> (artifact id: '645bab07bcd268e547a9b196ebf53afd') in 0.033693 seconds 
========================================================================
Received Import Request.
  Time since last request: 0.000404 seconds.
  path: Assets/Animations/spider@walk.fbx
  artifactKey: Guid(c50c8326cefb2b34ba03bf1f553520c7) Importer(815301076,1909f56bfc062723c751e8b465ee728b)
Start importing Assets/Animations/spider@walk.fbx using Guid(c50c8326cefb2b34ba03bf1f553520c7) Importer(815301076,1909f56bfc062723c751e8b465ee728b)  -> (artifact id: '062212639c6383c330a03e64a72c5ba4') in 0.020380 seconds 
========================================================================
Received Import Request.
  Time since last request: 373.721178 seconds.
  path: Assets/Animations/spider@fire.fbx
  artifactKey: Guid(37b6077683dbf2a4f97cdf62a0af3a24) Importer(815301076,1909f56bfc062723c751e8b465ee728b)
Start importing Assets/Animations/spider@fire.fbx using Guid(37b6077683dbf2a4f97cdf62a0af3a24) Importer(815301076,1909f56bfc062723c751e8b465ee728b)  -> (artifact id: '924a0af17d5db2718abba9aa9bea1e42') in 0.020505 seconds 
========================================================================
Received Import Request.
  Time since last request: 0.000343 seconds.
  path: Assets/Animations/spider@idle.fbx
  artifactKey: Guid(bc991fe4438e72a4d84eaa49b440aff1) Importer(815301076,1909f56bfc062723c751e8b465ee728b)
Start importing Assets/Animations/spider@idle.fbx using Guid(bc991fe4438e72a4d84eaa49b440aff1) Importer(815301076,1909f56bfc062723c751e8b465ee728b)  -> (artifact id: 'ad5d7ae01f7ec53414423a1322d91795') in 0.026278 seconds 
========================================================================
Received Import Request.
  Time since last request: 0.000400 seconds.
  path: Assets/Animations/spider@walk.fbx
  artifactKey: Guid(c50c8326cefb2b34ba03bf1f553520c7) Importer(815301076,1909f56bfc062723c751e8b465ee728b)
Start importing Assets/Animations/spider@walk.fbx using Guid(c50c8326cefb2b34ba03bf1f553520c7) Importer(815301076,1909f56bfc062723c751e8b465ee728b)  -> (artifact id: 'ea58882e4c885952d52d96c4c0187624') in 0.027562 seconds 
AssetImportWorkerClient::OnTransportError - code=2 error=End of file
